<?xml version="1.0" encoding="UTF-8" ?>
<testsuite tests="56" failures="0" name="com.tutorialsninja.automation.runner.TestRunner" time="10.699" errors="0" skipped="0">
  <properties>
[...]
</properties>
  <testcase classname="Scenario: Verify whether the User is able to login with valid credentials" name="Given I launch the application" time="0.005"/>
  <testcase classname="Scenario: Verify whether the User is able to login with valid credentials" name="And I naviage to Account Login page" time="0"/>
  <testcase classname="Scenario: Verify whether the User is able to login with valid credentials" name="When I login to the application using Username &quot;ravi.kiran1@gmail.com&quot; and Password &quot;rkiran&quot;" time="0.002"/>
  <testcase classname="Scenario: Verify whether the User is able to login with valid credentials" name="Then I should see that the User is able to successfully login" time="0"/>
  <testcase classname="Scenario: Verify whether the User is able to login with valid credentials" name="Scenario: Verify whether the User is able to login with valid credentials" time="1.302"/>
  <testcase classname="Scenario: Verify that the User is not able to login with invalid credentials" name="Given I launch the application" time="0.001"/>
  <testcase classname="Scenario: Verify that the User is not able to login with invalid credentials" name="And I naviage to Account Login page" time="0"/>
  <testcase classname="Scenario: Verify that the User is not able to login with invalid credentials" name="When I login to the application using Username &quot;ravi.kiran99@gmail.com&quot; and Password &quot;rkiran99&quot;" time="0"/>
  <testcase classname="Scenario: Verify that the User is not able to login with invalid credentials" name="Then I should see an error message informing the User about invalid credentials" time="0"/>
  <testcase classname="Scenario: Verify that the User is not able to login with invalid credentials" name="Scenario: Verify that the User is not able to login with invalid credentials" time="0.932"/>
  <testcase classname="Scenario: Verify that the User is not able to login without providing credentials" name="Given I launch the application" time="0"/>
  <testcase classname="Scenario: Verify that the User is not able to login without providing credentials" name="And I naviage to Account Login page" time="0"/>
  <testcase classname="Scenario: Verify that the User is not able to login without providing credentials" name="When I login to the application using Username &quot;&quot; and Password &quot;&quot;" time="0"/>
  <testcase classname="Scenario: Verify that the User is not able to login without providing credentials" name="Then I should see an error message informing the User about invalid credentials" time="0"/>
  <testcase classname="Scenario: Verify that the User is not able to login without providing credentials" name="Scenario: Verify that the User is not able to login without providing credentials" time="0.971"/>
  <testcase classname="Scenario: Verify that the User is able to reset forgotten password" name="Given I launch the application" time="0"/>
  <testcase classname="Scenario: Verify that the User is able to reset forgotten password" name="And I naviage to Account Login page" time="0"/>
  <testcase classname="Scenario: Verify that the User is able to reset forgotten password" name="When I reset the forgotten password for &quot;ravi.kiran@gmail.com&quot;" time="0"/>
  <testcase classname="Scenario: Verify that the User is able to reset forgotten password" name="Then I should see a message informing that the password reset details have been sent to the email address" time="0"/>
  <testcase classname="Scenario: Verify that the User is able to reset forgotten password" name="Scenario: Verify that the User is able to reset forgotten password" time="1.062"/>
  <testcase classname="Scenario: Verify whether the user is able to register into the application by providing all the fields" name="Given I launch the application" time="0"/>
  <testcase classname="Scenario: Verify whether the user is able to register into the application by providing all the fields" name="And I navigate to Account Registration page" time="0"/>
  <testcase classname="Scenario: Verify whether the user is able to register into the application by providing all the fields" name="When I provide all the below valid details" time="0"/>
  <testcase classname="Scenario: Verify whether the user is able to register into the application by providing all the fields" name="And I select the Privacy Policy" time="0"/>
  <testcase classname="Scenario: Verify whether the user is able to register into the application by providing all the fields" name="And I click on Continue button" time="0"/>
  <testcase classname="Scenario: Verify whether the user is able to register into the application by providing all the fields" name="Then I should see that the User Account has successfully created" time="0.001"/>
  <testcase classname="Scenario: Verify whether the user is able to register into the application by providing all the fields" name="Scenario: Verify whether the user is able to register into the application by providing all the fields" time="1.252"/>
  <testcase classname="Scenario: Verify whether the user is not allowed to register on skipping mandatory fields" name="Given I launch the application" time="0"/>
  <testcase classname="Scenario: Verify whether the user is not allowed to register on skipping mandatory fields" name="And I navigate to Account Registration page" time="0"/>
  <testcase classname="Scenario: Verify whether the user is not allowed to register on skipping mandatory fields" name="When I click on Continue button" time="0"/>
  <testcase classname="Scenario: Verify whether the user is not allowed to register on skipping mandatory fields" name="Then I should see that the User Account is not created" time="0.001"/>
  <testcase classname="Scenario: Verify whether the user is not allowed to register on skipping mandatory fields" name="And I should see the error messages informing the user to fill the mandatory fields" time="0"/>
  <testcase classname="Scenario: Verify whether the user is not allowed to register on skipping mandatory fields" name="Scenario: Verify whether the user is not allowed to register on skipping mandatory fields" time="1.081"/>
  <testcase classname="Scenario: Verify whether the user is able to register into the application by opting for Newsletter subscription" name="Given I launch the application" time="0"/>
  <testcase classname="Scenario: Verify whether the user is able to register into the application by opting for Newsletter subscription" name="And I navigate to Account Registration page" time="0"/>
  <testcase classname="Scenario: Verify whether the user is able to register into the application by opting for Newsletter subscription" name="When I provide all the below valid details" time="0"/>
  <testcase classname="Scenario: Verify whether the user is able to register into the application by opting for Newsletter subscription" name="And I subscribe to Newsletter" time="0"/>
  <testcase classname="Scenario: Verify whether the user is able to register into the application by opting for Newsletter subscription" name="And I select the Privacy Policy" time="0"/>
  <testcase classname="Scenario: Verify whether the user is able to register into the application by opting for Newsletter subscription" name="And I click on Continue button" time="0"/>
  <testcase classname="Scenario: Verify whether the user is able to register into the application by opting for Newsletter subscription" name="Then I should see that the User Account has successfully created" time="0"/>
  <testcase classname="Scenario: Verify whether the user is able to register into the application by opting for Newsletter subscription" name="Scenario: Verify whether the user is able to register into the application by opting for Newsletter subscription" time="0.956"/>
  <testcase classname="Scenario: Verify whether the user is restricted from creating a duplicate account" name="Given I launch the application" time="0"/>
  <testcase classname="Scenario: Verify whether the user is restricted from creating a duplicate account" name="And I navigate to Account Registration page" time="0"/>
  <testcase classname="Scenario: Verify whether the user is restricted from creating a duplicate account" name="When I provide the below duplicate details into the fields" time="0"/>
  <testcase classname="Scenario: Verify whether the user is restricted from creating a duplicate account" name="And I select the Privacy Policy" time="0"/>
  <testcase classname="Scenario: Verify whether the user is restricted from creating a duplicate account" name="And I click on Continue button" time="0"/>
  <testcase classname="Scenario: Verify whether the user is restricted from creating a duplicate account" name="Then I should see the warning message stating that the user is already created" time="0"/>
  <testcase classname="Scenario: Verify whether the user is restricted from creating a duplicate account" name="Scenario: Verify whether the user is restricted from creating a duplicate account" time="0.996"/>
  <testcase classname="Scenario: Verify whether the User is able to search for products" name="Given I launch the application" time="0"/>
  <testcase classname="Scenario: Verify whether the User is able to search for products" name="When I search for a product &quot;Samsung SyncMaster 941BW&quot;" time="0"/>
  <testcase classname="Scenario: Verify whether the User is able to search for products" name="Then I should see the product in the search resultsil address" time="0"/>
  <testcase classname="Scenario: Verify whether the User is able to search for products" name="Scenario: Verify whether the User is able to search for products" time="1.061"/>
  <testcase classname="Scenario: Verify whether the User is informed when the product being searched is not available" name="Given I launch the application" time="0"/>
  <testcase classname="Scenario: Verify whether the User is informed when the product being searched is not available" name="When I search for a product &quot;Apple iPhone&quot;" time="0"/>
  <testcase classname="Scenario: Verify whether the User is informed when the product being searched is not available" name="Then I should see the page displaying the message &quot;There is no product that matches the search criteria.&quot;" time="0"/>
  <testcase classname="Scenario: Verify whether the User is informed when the product being searched is not available" name="Scenario: Verify whether the User is informed when the product being searched is not available" time="1.076"/>
</testsuite>